2020-05-10 18:26:38 INFO  PluginTasksProjectComponent.projectOpened(77) - ---------- Project opened ----------
2020-05-10 18:26:38 INFO  PluginTasksProjectComponent.projectOpened(78) - ---------- Version 3.38 ----------

2020-05-10 18:26:38 INFO  PluginTasksProjectComponent.setAutoscrolls(366) - Autoscrolls successfully set
2020-05-10 18:26:38 INFO  ApacheHttpClient.createAsyncHttpClient(145) - 1 proxies selected. Type: DIRECT
2020-05-10 18:26:38 INFO  ApacheHttpClient.<init>(96) - ApacheHttpClient was successfully instantiated.
2020-05-10 18:26:40 INFO  ApacheHttpClient.testConnection(204) - responseCode = 200
2020-05-10 18:26:40 INFO  ApacheHttpClient.testConnection(219) - result = true
2020-05-10 18:26:51 INFO  ApacheHttpClient.isSessionAppropriateWithSecretKey(583) - The session is not set in the property file.
2020-05-10 18:26:51 INFO  ApacheHttpClient.login(249) - Waiting for server response.
2020-05-10 18:26:52 INFO  ApacheHttpClient.login(249) - Waiting for server response.
2020-05-10 18:26:52 INFO  ApacheHttpClient.login(249) - Waiting for server response.
2020-05-10 18:26:52 INFO  ApacheHttpClient.login(253) - responseCode = 200
2020-05-10 18:26:52 INFO  ApacheHttpClient.login(276) - JSESSIONID OK
2020-05-10 18:26:52 INFO  ApacheHttpClient.refreshUserInfo(304) - responseCode = 200
2020-05-10 18:26:52 INFO  ApacheHttpClient.refreshUserInfo(310) - User information received.
2020-05-10 18:26:52 INFO  ApacheHttpClient.startGA(35) - GAService started.
2020-05-10 18:26:52 WARN  PluginUtil.isProjectStructureCorrect(345) - The project structure is invalid.
2020-05-10 18:28:41 WARN  PluginUtil.isProjectStructureCorrect(345) - The project structure is invalid.
2020-05-10 18:28:41 ERROR PluginUtil.getUserPropertyFromProjectByKey(317) - Error while using a key to get a property from properties file. : java.lang.NullPointerException
2020-05-10 18:28:42 WARN  PluginUtil.isProjectStructureCorrect(345) - The project structure is invalid.
2020-05-10 18:28:42 ERROR PluginUtil.getUserPropertyFromProjectByKey(317) - Error while using a key to get a property from properties file. : java.lang.NullPointerException
2020-05-10 18:29:06 INFO  ApacheHttpClient.getWebResourceAsStream(496) - responseCode = 200
2020-05-10 18:29:06 WARN  PluginUtil.isProjectStructureCorrect(345) - The project structure is invalid.
2020-05-10 18:29:45 INFO  ApacheHttpClient.getWebResourceAsStream(496) - responseCode = 200
2020-05-10 18:29:53 INFO  PluginTasksProjectComponent.projectClosing(188) - ---------- Project closed ----------

2020-05-10 18:29:53 INFO  PluginTasksProjectComponent.projectOpened(77) - ---------- Project opened ----------
2020-05-10 18:29:53 INFO  PluginTasksProjectComponent.projectOpened(77) - ---------- Project opened ----------
2020-05-10 18:29:53 INFO  PluginTasksProjectComponent.projectOpened(78) - ---------- Version 3.38 ----------

2020-05-10 18:29:53 INFO  PluginTasksProjectComponent.projectOpened(78) - ---------- Version 3.38 ----------

2020-05-10 18:29:53 INFO  PluginTasksProjectComponent.setAutoscrolls(366) - Autoscrolls successfully set
2020-05-10 18:29:53 INFO  PluginTasksProjectComponent.setAutoscrolls(366) - Autoscrolls successfully set
2020-05-10 18:30:04 INFO  ApacheHttpClient.isSessionAppropriateWithSecretKey(596) - Waiting for server response.
2020-05-10 18:30:04 INFO  ApacheHttpClient.isSessionAppropriateWithSecretKey(596) - Waiting for server response.
2020-05-10 18:30:04 INFO  ApacheHttpClient.isSessionAppropriateWithSecretKey(596) - Waiting for server response.
2020-05-10 18:30:04 INFO  ApacheHttpClient.isSessionAppropriateWithSecretKey(596) - Waiting for server response.
2020-05-10 18:30:04 INFO  ApacheHttpClient.isSessionAppropriateWithSecretKey(596) - Waiting for server response.
2020-05-10 18:30:04 INFO  ApacheHttpClient.isSessionAppropriateWithSecretKey(596) - Waiting for server response.
2020-05-10 18:30:05 INFO  ApacheHttpClient.isSessionAppropriateWithSecretKey(596) - Waiting for server response.
2020-05-10 18:30:05 INFO  ApacheHttpClient.isSessionAppropriateWithSecretKey(596) - Waiting for server response.
2020-05-10 18:30:05 INFO  ApacheHttpClient.refreshUserInfo(304) - responseCode = 200
2020-05-10 18:30:05 INFO  ApacheHttpClient.refreshUserInfo(304) - responseCode = 200
2020-05-10 18:30:05 INFO  ApacheHttpClient.refreshUserInfo(310) - User information received.
2020-05-10 18:30:05 INFO  ApacheHttpClient.refreshUserInfo(310) - User information received.
2020-05-10 18:30:05 INFO  ApacheHttpClient.startGA(35) - GAService started.
2020-05-10 18:30:05 INFO  ApacheHttpClient.startGA(35) - GAService started.
2020-05-10 18:30:05 INFO  AbstractRestApiClient.startService(71) - EventsService started.
2020-05-10 18:30:05 INFO  AbstractRestApiClient.startService(71) - EventsService started.
2020-05-10 18:35:48 INFO  ApacheHttpClient.getWebResourceAsStream(496) - responseCode = 200
2020-05-10 18:35:48 INFO  ApacheHttpClient.getWebResourceAsStream(496) - responseCode = 200
2020-05-10 18:35:49 INFO  ApacheHttpClient.getFilteredTasks(335) - responseCode = 200
2020-05-10 18:35:49 INFO  ApacheHttpClient.getFilteredTasks(335) - responseCode = 200
2020-05-10 18:36:05 INFO  ApacheHttpClient.getFilteredTasks(335) - responseCode = 200
2020-05-10 18:36:05 INFO  ApacheHttpClient.getFilteredTasks(335) - responseCode = 200
2020-05-10 18:36:12 INFO  ApacheHttpClient.getTaskTemplateInfo(352) - responseCode = 200
2020-05-10 18:36:12 INFO  ApacheHttpClient.getTaskTemplateInfo(352) - responseCode = 200
2020-05-10 18:36:41 INFO  ApacheHttpClient.getWebResourceAsStream(496) - responseCode = 200
2020-05-10 18:36:41 INFO  ApacheHttpClient.getWebResourceAsStream(496) - responseCode = 200
2020-05-10 18:37:05 INFO  ApacheHttpClient.sendEvent(529) - responseCode = 200
2020-05-10 18:37:05 INFO  ApacheHttpClient.sendEvent(529) - responseCode = 200
2020-05-10 18:38:05 INFO  ApacheHttpClient.sendEvent(529) - responseCode = 200
2020-05-10 18:38:05 INFO  ApacheHttpClient.sendEvent(529) - responseCode = 200
2020-05-10 18:39:02 INFO  ApacheHttpClient.getWebResourceAsStream(496) - responseCode = 200
2020-05-10 18:39:02 INFO  ApacheHttpClient.getWebResourceAsStream(496) - responseCode = 200
2020-05-10 18:39:04 INFO  ApacheHttpClient.getTask(482) - responseCode = 200
2020-05-10 18:39:04 INFO  ApacheHttpClient.getTask(482) - responseCode = 200
2020-05-10 18:39:05 INFO  ApacheHttpClient.completed(28) - responseCode = 200
2020-05-10 18:39:05 INFO  ApacheHttpClient.completed(28) - responseCode = 200
2020-05-10 18:39:05 INFO  ApacheHttpClient.sendEvent(529) - responseCode = 200
2020-05-10 18:39:05 INFO  ApacheHttpClient.sendEvent(529) - responseCode = 200
2020-05-10 18:39:09 INFO  ApacheHttpClient.getWebResourceAsStream(496) - responseCode = 200
2020-05-10 18:39:09 INFO  ApacheHttpClient.getWebResourceAsStream(496) - responseCode = 200
2020-05-10 18:40:02 INFO  ApacheHttpClient.getWebResourceAsStream(496) - responseCode = 200
2020-05-10 18:40:02 INFO  ApacheHttpClient.getWebResourceAsStream(496) - responseCode = 200
2020-05-10 18:40:03 INFO  ApacheHttpClient.getTask(482) - responseCode = 200
2020-05-10 18:40:03 INFO  ApacheHttpClient.getTask(482) - responseCode = 200
2020-05-10 18:40:04 INFO  ApacheHttpClient.completed(28) - responseCode = 200
2020-05-10 18:40:04 INFO  ApacheHttpClient.completed(28) - responseCode = 200
2020-05-10 18:40:04 INFO  ApacheHttpClient.getTask(482) - responseCode = 200
2020-05-10 18:40:04 INFO  ApacheHttpClient.getTask(482) - responseCode = 200
2020-05-10 18:40:05 INFO  ApacheHttpClient.sendEvent(529) - responseCode = 200
2020-05-10 18:40:05 INFO  ApacheHttpClient.sendEvent(529) - responseCode = 200
2020-05-10 18:40:06 INFO  ApacheHttpClient.getWebResourceAsStream(496) - responseCode = 200
2020-05-10 18:40:06 INFO  ApacheHttpClient.getWebResourceAsStream(496) - responseCode = 200
2020-05-10 18:41:05 INFO  ApacheHttpClient.sendEvent(529) - responseCode = 200
2020-05-10 18:41:05 INFO  ApacheHttpClient.sendEvent(529) - responseCode = 200
2020-05-10 18:42:05 INFO  ApacheHttpClient.sendEvent(529) - responseCode = 200
2020-05-10 18:42:05 INFO  ApacheHttpClient.sendEvent(529) - responseCode = 200
2020-05-10 18:43:05 INFO  ApacheHttpClient.sendEvent(529) - responseCode = 200
2020-05-10 18:43:05 INFO  ApacheHttpClient.sendEvent(529) - responseCode = 200
2020-05-10 18:44:05 INFO  ApacheHttpClient.sendEvent(529) - responseCode = 200
2020-05-10 18:44:05 INFO  ApacheHttpClient.sendEvent(529) - responseCode = 200
2020-05-10 18:45:05 INFO  ApacheHttpClient.sendEvent(529) - responseCode = 200
2020-05-10 18:45:05 INFO  ApacheHttpClient.sendEvent(529) - responseCode = 200
2020-05-10 18:46:05 INFO  ApacheHttpClient.sendEvent(529) - responseCode = 200
2020-05-10 18:46:05 INFO  ApacheHttpClient.sendEvent(529) - responseCode = 200
2020-05-10 18:47:05 INFO  ApacheHttpClient.sendEvent(529) - responseCode = 200
2020-05-10 18:47:05 INFO  ApacheHttpClient.sendEvent(529) - responseCode = 200
2020-05-10 18:48:05 INFO  ApacheHttpClient.sendEvent(529) - responseCode = 200
2020-05-10 18:48:05 INFO  ApacheHttpClient.sendEvent(529) - responseCode = 200
2020-05-10 18:49:05 INFO  ApacheHttpClient.sendEvent(529) - responseCode = 200
2020-05-10 18:49:05 INFO  ApacheHttpClient.sendEvent(529) - responseCode = 200
2020-05-10 18:50:05 INFO  ApacheHttpClient.sendEvent(529) - responseCode = 200
2020-05-10 18:50:05 INFO  ApacheHttpClient.sendEvent(529) - responseCode = 200
2020-05-10 18:51:05 INFO  ApacheHttpClient.sendEvent(529) - responseCode = 200
2020-05-10 18:51:05 INFO  ApacheHttpClient.sendEvent(529) - responseCode = 200
2020-05-10 18:52:05 INFO  ApacheHttpClient.sendEvent(529) - responseCode = 200
2020-05-10 18:52:05 INFO  ApacheHttpClient.sendEvent(529) - responseCode = 200
2020-05-10 18:53:05 INFO  ApacheHttpClient.sendEvent(529) - responseCode = 200
2020-05-10 18:53:05 INFO  ApacheHttpClient.sendEvent(529) - responseCode = 200
2020-05-10 18:54:05 INFO  ApacheHttpClient.sendEvent(529) - responseCode = 200
2020-05-10 18:54:05 INFO  ApacheHttpClient.sendEvent(529) - responseCode = 200
2020-05-10 18:55:05 INFO  ApacheHttpClient.sendEvent(529) - responseCode = 200
2020-05-10 18:55:05 INFO  ApacheHttpClient.sendEvent(529) - responseCode = 200
2020-05-10 18:56:05 INFO  ApacheHttpClient.sendEvent(529) - responseCode = 200
2020-05-10 18:56:05 INFO  ApacheHttpClient.sendEvent(529) - responseCode = 200
2020-05-10 18:57:05 INFO  ApacheHttpClient.sendEvent(529) - responseCode = 200
2020-05-10 18:57:05 INFO  ApacheHttpClient.sendEvent(529) - responseCode = 200
2020-05-10 18:58:05 INFO  ApacheHttpClient.sendEvent(529) - responseCode = 200
2020-05-10 18:58:05 INFO  ApacheHttpClient.sendEvent(529) - responseCode = 200
2020-05-10 18:59:05 INFO  ApacheHttpClient.sendEvent(529) - responseCode = 200
2020-05-10 18:59:05 INFO  ApacheHttpClient.sendEvent(529) - responseCode = 200
2020-05-10 19:00:05 INFO  ApacheHttpClient.sendEvent(529) - responseCode = 200
2020-05-10 19:00:05 INFO  ApacheHttpClient.sendEvent(529) - responseCode = 200
2020-05-10 19:01:05 INFO  ApacheHttpClient.sendEvent(529) - responseCode = 200
2020-05-10 19:01:05 INFO  ApacheHttpClient.sendEvent(529) - responseCode = 200
2020-05-10 19:02:05 INFO  ApacheHttpClient.sendEvent(529) - responseCode = 200
2020-05-10 19:02:05 INFO  ApacheHttpClient.sendEvent(529) - responseCode = 200
2020-05-10 19:03:07 INFO  ApacheHttpClient.sendEvent(529) - responseCode = 200
2020-05-10 19:03:07 INFO  ApacheHttpClient.sendEvent(529) - responseCode = 200
2020-05-10 19:04:05 INFO  ApacheHttpClient.sendEvent(529) - responseCode = 200
2020-05-10 19:04:05 INFO  ApacheHttpClient.sendEvent(529) - responseCode = 200
2020-05-10 19:09:06 INFO  ApacheHttpClient.sendEvent(529) - responseCode = 200
2020-05-10 19:09:06 INFO  ApacheHttpClient.sendEvent(529) - responseCode = 200
2020-05-10 19:09:06 INFO  ApacheHttpClient.sendEvent(529) - responseCode = 200
2020-05-10 19:09:06 INFO  ApacheHttpClient.sendEvent(529) - responseCode = 200
2020-05-10 19:09:06 INFO  ApacheHttpClient.sendEvent(529) - responseCode = 200
2020-05-10 19:09:06 INFO  ApacheHttpClient.sendEvent(529) - responseCode = 200
2020-05-10 19:09:06 INFO  ApacheHttpClient.sendEvent(529) - responseCode = 200
2020-05-10 19:09:06 INFO  ApacheHttpClient.sendEvent(529) - responseCode = 200
2020-05-10 19:09:06 INFO  ApacheHttpClient.sendEvent(529) - responseCode = 200
2020-05-10 19:09:06 INFO  ApacheHttpClient.sendEvent(529) - responseCode = 200
2020-05-10 19:10:05 INFO  ApacheHttpClient.sendEvent(529) - responseCode = 200
2020-05-10 19:10:05 INFO  ApacheHttpClient.sendEvent(529) - responseCode = 200
2020-05-10 19:11:05 INFO  ApacheHttpClient.sendEvent(529) - responseCode = 200
2020-05-10 19:11:05 INFO  ApacheHttpClient.sendEvent(529) - responseCode = 200
2020-05-10 19:12:05 INFO  ApacheHttpClient.sendEvent(529) - responseCode = 200
2020-05-10 19:12:05 INFO  ApacheHttpClient.sendEvent(529) - responseCode = 200
2020-05-10 19:13:05 INFO  ApacheHttpClient.sendEvent(529) - responseCode = 200
2020-05-10 19:13:05 INFO  ApacheHttpClient.sendEvent(529) - responseCode = 200
2020-05-10 19:14:05 INFO  ApacheHttpClient.sendEvent(529) - responseCode = 200
2020-05-10 19:14:05 INFO  ApacheHttpClient.sendEvent(529) - responseCode = 200
2020-05-10 19:15:05 INFO  ApacheHttpClient.sendEvent(529) - responseCode = 200
2020-05-10 19:15:05 INFO  ApacheHttpClient.sendEvent(529) - responseCode = 200
2020-05-10 19:16:05 INFO  ApacheHttpClient.sendEvent(529) - responseCode = 200
2020-05-10 19:16:05 INFO  ApacheHttpClient.sendEvent(529) - responseCode = 200
2020-05-10 19:17:05 INFO  ApacheHttpClient.sendEvent(529) - responseCode = 200
2020-05-10 19:17:05 INFO  ApacheHttpClient.sendEvent(529) - responseCode = 200
2020-05-10 19:18:05 INFO  ApacheHttpClient.sendEvent(529) - responseCode = 200
2020-05-10 19:18:05 INFO  ApacheHttpClient.sendEvent(529) - responseCode = 200
2020-05-10 19:19:05 INFO  ApacheHttpClient.sendEvent(529) - responseCode = 200
2020-05-10 19:19:05 INFO  ApacheHttpClient.sendEvent(529) - responseCode = 200
2020-05-10 19:20:05 INFO  ApacheHttpClient.sendEvent(529) - responseCode = 200
2020-05-10 19:20:05 INFO  ApacheHttpClient.sendEvent(529) - responseCode = 200
2020-05-10 19:21:05 INFO  ApacheHttpClient.sendEvent(529) - responseCode = 200
2020-05-10 19:21:05 INFO  ApacheHttpClient.sendEvent(529) - responseCode = 200
2020-05-10 19:22:05 INFO  ApacheHttpClient.sendEvent(529) - responseCode = 200
2020-05-10 19:22:05 INFO  ApacheHttpClient.sendEvent(529) - responseCode = 200
2020-05-10 19:23:05 INFO  ApacheHttpClient.sendEvent(529) - responseCode = 200
2020-05-10 19:23:05 INFO  ApacheHttpClient.sendEvent(529) - responseCode = 200
2020-05-10 19:24:05 INFO  ApacheHttpClient.sendEvent(529) - responseCode = 200
2020-05-10 19:24:05 INFO  ApacheHttpClient.sendEvent(529) - responseCode = 200
2020-05-10 19:25:05 INFO  ApacheHttpClient.sendEvent(529) - responseCode = 200
2020-05-10 19:25:05 INFO  ApacheHttpClient.sendEvent(529) - responseCode = 200
2020-05-10 19:26:05 INFO  ApacheHttpClient.sendEvent(529) - responseCode = 200
2020-05-10 19:26:05 INFO  ApacheHttpClient.sendEvent(529) - responseCode = 200
2020-05-10 19:27:05 INFO  ApacheHttpClient.sendEvent(529) - responseCode = 200
2020-05-10 19:27:05 INFO  ApacheHttpClient.sendEvent(529) - responseCode = 200
2020-05-10 19:28:05 INFO  ApacheHttpClient.sendEvent(529) - responseCode = 200
2020-05-10 19:28:05 INFO  ApacheHttpClient.sendEvent(529) - responseCode = 200
2020-05-10 19:29:05 INFO  ApacheHttpClient.sendEvent(529) - responseCode = 200
2020-05-10 19:29:05 INFO  ApacheHttpClient.sendEvent(529) - responseCode = 200
2020-05-10 19:30:05 INFO  ApacheHttpClient.sendEvent(529) - responseCode = 200
2020-05-10 19:30:05 INFO  ApacheHttpClient.sendEvent(529) - responseCode = 200
2020-05-10 19:31:06 INFO  ApacheHttpClient.sendEvent(529) - responseCode = 200
2020-05-10 19:31:06 INFO  ApacheHttpClient.sendEvent(529) - responseCode = 200
2020-05-10 19:32:05 INFO  ApacheHttpClient.sendEvent(529) - responseCode = 200
2020-05-10 19:32:05 INFO  ApacheHttpClient.sendEvent(529) - responseCode = 200
2020-05-10 19:33:05 INFO  ApacheHttpClient.sendEvent(529) - responseCode = 200
2020-05-10 19:33:05 INFO  ApacheHttpClient.sendEvent(529) - responseCode = 200
2020-05-10 19:34:05 INFO  ApacheHttpClient.sendEvent(529) - responseCode = 200
2020-05-10 19:34:05 INFO  ApacheHttpClient.sendEvent(529) - responseCode = 200
2020-05-10 19:35:05 INFO  ApacheHttpClient.sendEvent(529) - responseCode = 200
2020-05-10 19:35:05 INFO  ApacheHttpClient.sendEvent(529) - responseCode = 200
2020-05-10 19:36:05 INFO  ApacheHttpClient.sendEvent(529) - responseCode = 200
2020-05-10 19:36:05 INFO  ApacheHttpClient.sendEvent(529) - responseCode = 200
2020-05-10 19:37:05 INFO  ApacheHttpClient.sendEvent(529) - responseCode = 200
2020-05-10 19:37:05 INFO  ApacheHttpClient.sendEvent(529) - responseCode = 200
2020-05-10 19:38:05 INFO  ApacheHttpClient.sendEvent(529) - responseCode = 200
2020-05-10 19:38:05 INFO  ApacheHttpClient.sendEvent(529) - responseCode = 200
2020-05-10 19:39:05 INFO  ApacheHttpClient.sendEvent(529) - responseCode = 200
2020-05-10 19:39:05 INFO  ApacheHttpClient.sendEvent(529) - responseCode = 200
2020-05-10 19:40:05 INFO  ApacheHttpClient.sendEvent(529) - responseCode = 200
2020-05-10 19:40:05 INFO  ApacheHttpClient.sendEvent(529) - responseCode = 200
2020-05-10 19:41:05 INFO  ApacheHttpClient.sendEvent(529) - responseCode = 200
2020-05-10 19:41:05 INFO  ApacheHttpClient.sendEvent(529) - responseCode = 200
2020-05-10 19:42:05 INFO  ApacheHttpClient.sendEvent(529) - responseCode = 200
2020-05-10 19:42:05 INFO  ApacheHttpClient.sendEvent(529) - responseCode = 200
2020-05-10 19:43:10 ERROR ApacheHttpClient.processExceptionSendEvent(109) - (super) : Error while sending the event to the server.
2020-05-10 19:43:10 ERROR ApacheHttpClient.processExceptionSendEvent(109) - (super) : Error while sending the event to the server.
2020-05-10 19:44:06 INFO  ApacheHttpClient.sendEvent(529) - responseCode = 200
2020-05-10 19:44:06 INFO  ApacheHttpClient.sendEvent(529) - responseCode = 200
2020-05-10 19:45:05 INFO  ApacheHttpClient.sendEvent(529) - responseCode = 200
2020-05-10 19:45:05 INFO  ApacheHttpClient.sendEvent(529) - responseCode = 200
2020-05-10 19:46:05 INFO  ApacheHttpClient.sendEvent(529) - responseCode = 200
2020-05-10 19:46:05 INFO  ApacheHttpClient.sendEvent(529) - responseCode = 200
2020-05-10 19:47:05 INFO  ApacheHttpClient.sendEvent(529) - responseCode = 200
2020-05-10 19:47:05 INFO  ApacheHttpClient.sendEvent(529) - responseCode = 200
2020-05-10 19:48:05 INFO  ApacheHttpClient.sendEvent(529) - responseCode = 200
2020-05-10 19:48:05 INFO  ApacheHttpClient.sendEvent(529) - responseCode = 200
2020-05-10 19:49:05 INFO  ApacheHttpClient.sendEvent(529) - responseCode = 200
2020-05-10 19:49:05 INFO  ApacheHttpClient.sendEvent(529) - responseCode = 200
2020-05-10 19:50:05 INFO  ApacheHttpClient.sendEvent(529) - responseCode = 200
2020-05-10 19:50:05 INFO  ApacheHttpClient.sendEvent(529) - responseCode = 200
2020-05-10 19:51:05 INFO  ApacheHttpClient.sendEvent(529) - responseCode = 200
2020-05-10 19:51:05 INFO  ApacheHttpClient.sendEvent(529) - responseCode = 200
2020-05-10 19:52:06 INFO  ApacheHttpClient.sendEvent(529) - responseCode = 200
2020-05-10 19:52:06 INFO  ApacheHttpClient.sendEvent(529) - responseCode = 200
2020-05-10 19:53:05 INFO  ApacheHttpClient.sendEvent(529) - responseCode = 200
2020-05-10 19:53:05 INFO  ApacheHttpClient.sendEvent(529) - responseCode = 200
2020-05-10 19:54:05 INFO  ApacheHttpClient.sendEvent(529) - responseCode = 200
2020-05-10 19:54:05 INFO  ApacheHttpClient.sendEvent(529) - responseCode = 200
2020-05-10 19:55:05 INFO  ApacheHttpClient.sendEvent(529) - responseCode = 200
2020-05-10 19:55:05 INFO  ApacheHttpClient.sendEvent(529) - responseCode = 200
2020-05-10 19:56:05 INFO  ApacheHttpClient.sendEvent(529) - responseCode = 200
2020-05-10 19:56:05 INFO  ApacheHttpClient.sendEvent(529) - responseCode = 200
2020-05-10 19:57:05 INFO  ApacheHttpClient.sendEvent(529) - responseCode = 200
2020-05-10 19:57:05 INFO  ApacheHttpClient.sendEvent(529) - responseCode = 200
2020-05-10 19:58:05 INFO  ApacheHttpClient.sendEvent(529) - responseCode = 200
2020-05-10 19:58:05 INFO  ApacheHttpClient.sendEvent(529) - responseCode = 200
2020-05-10 19:59:05 INFO  ApacheHttpClient.sendEvent(529) - responseCode = 200
2020-05-10 19:59:05 INFO  ApacheHttpClient.sendEvent(529) - responseCode = 200
2020-05-10 20:00:05 INFO  ApacheHttpClient.sendEvent(529) - responseCode = 200
2020-05-10 20:00:05 INFO  ApacheHttpClient.sendEvent(529) - responseCode = 200
2020-05-10 20:01:05 INFO  ApacheHttpClient.sendEvent(529) - responseCode = 200
2020-05-10 20:01:05 INFO  ApacheHttpClient.sendEvent(529) - responseCode = 200
2020-05-10 20:02:05 INFO  ApacheHttpClient.sendEvent(529) - responseCode = 200
2020-05-10 20:02:05 INFO  ApacheHttpClient.sendEvent(529) - responseCode = 200
2020-05-10 20:03:05 INFO  ApacheHttpClient.sendEvent(529) - responseCode = 200
2020-05-10 20:03:05 INFO  ApacheHttpClient.sendEvent(529) - responseCode = 200
2020-05-10 20:04:05 INFO  ApacheHttpClient.sendEvent(529) - responseCode = 200
2020-05-10 20:04:05 INFO  ApacheHttpClient.sendEvent(529) - responseCode = 200
2020-05-10 20:05:05 INFO  ApacheHttpClient.sendEvent(529) - responseCode = 200
2020-05-10 20:05:05 INFO  ApacheHttpClient.sendEvent(529) - responseCode = 200
2020-05-10 20:06:05 INFO  ApacheHttpClient.sendEvent(529) - responseCode = 200
2020-05-10 20:06:05 INFO  ApacheHttpClient.sendEvent(529) - responseCode = 200
2020-05-10 20:07:05 INFO  ApacheHttpClient.sendEvent(529) - responseCode = 200
2020-05-10 20:07:05 INFO  ApacheHttpClient.sendEvent(529) - responseCode = 200
2020-05-10 20:08:05 INFO  ApacheHttpClient.sendEvent(529) - responseCode = 200
2020-05-10 20:08:05 INFO  ApacheHttpClient.sendEvent(529) - responseCode = 200
2020-05-10 20:09:05 INFO  ApacheHttpClient.sendEvent(529) - responseCode = 200
2020-05-10 20:09:05 INFO  ApacheHttpClient.sendEvent(529) - responseCode = 200
2020-05-10 20:10:05 INFO  ApacheHttpClient.sendEvent(529) - responseCode = 200
2020-05-10 20:10:05 INFO  ApacheHttpClient.sendEvent(529) - responseCode = 200
2020-05-10 20:11:05 INFO  ApacheHttpClient.sendEvent(529) - responseCode = 200
2020-05-10 20:11:05 INFO  ApacheHttpClient.sendEvent(529) - responseCode = 200
2020-05-10 20:12:05 INFO  ApacheHttpClient.sendEvent(529) - responseCode = 200
2020-05-10 20:12:05 INFO  ApacheHttpClient.sendEvent(529) - responseCode = 200
2020-05-10 20:13:05 INFO  ApacheHttpClient.sendEvent(529) - responseCode = 200
2020-05-10 20:13:05 INFO  ApacheHttpClient.sendEvent(529) - responseCode = 200
2020-05-10 20:14:05 INFO  ApacheHttpClient.sendEvent(529) - responseCode = 200
2020-05-10 20:14:05 INFO  ApacheHttpClient.sendEvent(529) - responseCode = 200
2020-05-10 20:15:05 INFO  ApacheHttpClient.sendEvent(529) - responseCode = 200
2020-05-10 20:15:05 INFO  ApacheHttpClient.sendEvent(529) - responseCode = 200
2020-05-10 20:16:05 INFO  ApacheHttpClient.sendEvent(529) - responseCode = 200
2020-05-10 20:16:05 INFO  ApacheHttpClient.sendEvent(529) - responseCode = 200
2020-05-10 20:17:05 INFO  ApacheHttpClient.sendEvent(529) - responseCode = 200
2020-05-10 20:17:05 INFO  ApacheHttpClient.sendEvent(529) - responseCode = 200
2020-05-10 20:18:05 INFO  ApacheHttpClient.sendEvent(529) - responseCode = 200
2020-05-10 20:18:05 INFO  ApacheHttpClient.sendEvent(529) - responseCode = 200
2020-05-10 20:19:05 INFO  ApacheHttpClient.sendEvent(529) - responseCode = 200
2020-05-10 20:19:05 INFO  ApacheHttpClient.sendEvent(529) - responseCode = 200
2020-05-10 20:20:05 INFO  ApacheHttpClient.sendEvent(529) - responseCode = 200
2020-05-10 20:20:05 INFO  ApacheHttpClient.sendEvent(529) - responseCode = 200
2020-05-10 20:21:05 INFO  ApacheHttpClient.sendEvent(529) - responseCode = 200
2020-05-10 20:21:05 INFO  ApacheHttpClient.sendEvent(529) - responseCode = 200
2020-05-10 20:22:05 INFO  ApacheHttpClient.sendEvent(529) - responseCode = 200
2020-05-10 20:22:05 INFO  ApacheHttpClient.sendEvent(529) - responseCode = 200
2020-05-10 20:23:05 INFO  ApacheHttpClient.sendEvent(529) - responseCode = 200
2020-05-10 20:23:05 INFO  ApacheHttpClient.sendEvent(529) - responseCode = 200
2020-05-10 20:24:05 INFO  ApacheHttpClient.sendEvent(529) - responseCode = 200
2020-05-10 20:24:05 INFO  ApacheHttpClient.sendEvent(529) - responseCode = 200
2020-05-10 20:25:05 INFO  ApacheHttpClient.sendEvent(529) - responseCode = 200
2020-05-10 20:25:05 INFO  ApacheHttpClient.sendEvent(529) - responseCode = 200
2020-05-10 20:26:05 INFO  ApacheHttpClient.sendEvent(529) - responseCode = 200
2020-05-10 20:26:05 INFO  ApacheHttpClient.sendEvent(529) - responseCode = 200
2020-05-10 20:27:05 INFO  ApacheHttpClient.sendEvent(529) - responseCode = 200
2020-05-10 20:27:05 INFO  ApacheHttpClient.sendEvent(529) - responseCode = 200
2020-05-10 20:28:05 INFO  ApacheHttpClient.sendEvent(529) - responseCode = 200
2020-05-10 20:28:05 INFO  ApacheHttpClient.sendEvent(529) - responseCode = 200
2020-05-10 20:29:05 INFO  ApacheHttpClient.sendEvent(529) - responseCode = 200
2020-05-10 20:29:05 INFO  ApacheHttpClient.sendEvent(529) - responseCode = 200
2020-05-10 20:30:05 INFO  ApacheHttpClient.sendEvent(529) - responseCode = 200
2020-05-10 20:30:05 INFO  ApacheHttpClient.sendEvent(529) - responseCode = 200
2020-05-10 20:31:05 INFO  ApacheHttpClient.sendEvent(529) - responseCode = 200
2020-05-10 20:31:05 INFO  ApacheHttpClient.sendEvent(529) - responseCode = 200
2020-05-10 20:32:05 INFO  ApacheHttpClient.sendEvent(529) - responseCode = 200
2020-05-10 20:32:05 INFO  ApacheHttpClient.sendEvent(529) - responseCode = 200
2020-05-10 20:33:05 INFO  ApacheHttpClient.sendEvent(529) - responseCode = 200
2020-05-10 20:33:05 INFO  ApacheHttpClient.sendEvent(529) - responseCode = 200
2020-05-10 20:34:05 INFO  ApacheHttpClient.sendEvent(529) - responseCode = 200
2020-05-10 20:34:05 INFO  ApacheHttpClient.sendEvent(529) - responseCode = 200
2020-05-10 20:35:05 INFO  ApacheHttpClient.sendEvent(529) - responseCode = 200
2020-05-10 20:35:05 INFO  ApacheHttpClient.sendEvent(529) - responseCode = 200
2020-05-10 20:36:05 INFO  ApacheHttpClient.sendEvent(529) - responseCode = 200
2020-05-10 20:36:05 INFO  ApacheHttpClient.sendEvent(529) - responseCode = 200
2020-05-10 20:37:05 INFO  ApacheHttpClient.sendEvent(529) - responseCode = 200
2020-05-10 20:37:05 INFO  ApacheHttpClient.sendEvent(529) - responseCode = 200
2020-05-10 20:38:05 INFO  ApacheHttpClient.sendEvent(529) - responseCode = 200
2020-05-10 20:38:05 INFO  ApacheHttpClient.sendEvent(529) - responseCode = 200
2020-05-10 20:39:05 INFO  ApacheHttpClient.sendEvent(529) - responseCode = 200
2020-05-10 20:39:05 INFO  ApacheHttpClient.sendEvent(529) - responseCode = 200
2020-05-10 20:40:05 INFO  ApacheHttpClient.sendEvent(529) - responseCode = 200
2020-05-10 20:40:05 INFO  ApacheHttpClient.sendEvent(529) - responseCode = 200
2020-05-10 20:41:05 INFO  ApacheHttpClient.sendEvent(529) - responseCode = 200
2020-05-10 20:41:05 INFO  ApacheHttpClient.sendEvent(529) - responseCode = 200
2020-05-10 20:42:05 INFO  ApacheHttpClient.sendEvent(529) - responseCode = 200
2020-05-10 20:42:05 INFO  ApacheHttpClient.sendEvent(529) - responseCode = 200
2020-05-10 20:43:08 INFO  ApacheHttpClient.sendEvent(529) - responseCode = 200
2020-05-10 20:43:08 INFO  ApacheHttpClient.sendEvent(529) - responseCode = 200
2020-05-10 20:44:05 INFO  ApacheHttpClient.sendEvent(529) - responseCode = 200
2020-05-10 20:44:05 INFO  ApacheHttpClient.sendEvent(529) - responseCode = 200
2020-05-10 20:45:05 INFO  ApacheHttpClient.sendEvent(529) - responseCode = 200
2020-05-10 20:45:05 INFO  ApacheHttpClient.sendEvent(529) - responseCode = 200
2020-05-10 20:46:05 INFO  ApacheHttpClient.sendEvent(529) - responseCode = 200
2020-05-10 20:46:05 INFO  ApacheHttpClient.sendEvent(529) - responseCode = 200
2020-05-10 20:46:53 INFO  PluginTasksProjectComponent.projectClosing(188) - ---------- Project closed ----------

2020-05-10 20:46:53 INFO  PluginTasksProjectComponent.projectClosing(188) - ---------- Project closed ----------

2020-05-10 20:46:53 INFO  ApacheHttpClient.getTask(482) - responseCode = 200
2020-05-10 20:46:53 INFO  ApacheHttpClient.getTask(482) - responseCode = 200
2020-05-11 08:14:01 INFO  PluginTasksProjectComponent.projectOpened(77) - ---------- Project opened ----------
2020-05-11 08:14:01 INFO  PluginTasksProjectComponent.projectOpened(78) - ---------- Version 3.38 ----------

2020-05-11 08:14:02 INFO  ApacheHttpClient.createAsyncHttpClient(145) - 1 proxies selected. Type: DIRECT
2020-05-11 08:14:02 INFO  ApacheHttpClient.<init>(96) - ApacheHttpClient was successfully instantiated.
2020-05-11 08:14:04 INFO  ApacheHttpClient.testConnection(204) - responseCode = 200
2020-05-11 08:14:04 INFO  ApacheHttpClient.testConnection(219) - result = true
2020-05-11 08:14:11 INFO  ApacheHttpClient.isSessionAppropriateWithSecretKey(596) - Waiting for server response.
2020-05-11 08:14:11 INFO  ApacheHttpClient.isSessionAppropriateWithSecretKey(596) - Waiting for server response.
2020-05-11 08:14:13 INFO  ApacheHttpClient.refreshUserInfo(304) - responseCode = 200
2020-05-11 08:14:13 INFO  ApacheHttpClient.refreshUserInfo(310) - User information received.
2020-05-11 08:14:14 INFO  ApacheHttpClient.startGA(35) - GAService started.
2020-05-11 08:14:14 INFO  AbstractRestApiClient.startService(71) - EventsService started.
2020-05-11 08:14:46 INFO  ApacheHttpClient.getWebResourceAsStream(496) - responseCode = 200
2020-05-11 08:15:14 INFO  ApacheHttpClient.sendEvent(529) - responseCode = 200
2020-05-11 08:15:47 INFO  ApacheHttpClient.getWebResourceAsStream(496) - responseCode = 200
2020-05-11 08:15:47 INFO  ApacheHttpClient.getFilteredTasks(335) - responseCode = 200
2020-05-11 08:15:54 INFO  ApacheHttpClient.getTaskTemplateInfo(352) - responseCode = 200
2020-05-11 08:15:58 INFO  ApacheHttpClient.getWebResourceAsStream(496) - responseCode = 200
2020-05-11 08:16:14 INFO  ApacheHttpClient.sendEvent(529) - responseCode = 200
2020-05-11 08:17:14 INFO  ApacheHttpClient.sendEvent(529) - responseCode = 200
2020-05-11 08:18:14 INFO  ApacheHttpClient.sendEvent(529) - responseCode = 200
2020-05-11 08:19:14 INFO  ApacheHttpClient.sendEvent(529) - responseCode = 200
2020-05-11 08:20:14 INFO  ApacheHttpClient.sendEvent(529) - responseCode = 200
2020-05-11 08:20:33 INFO  ApacheHttpClient.getWebResourceAsStream(496) - responseCode = 200
2020-05-11 08:20:35 INFO  ApacheHttpClient.getTask(482) - responseCode = 200
2020-05-11 08:20:37 INFO  ApacheHttpClient.getWebResourceAsStream(496) - responseCode = 200
2020-05-11 08:20:38 INFO  ApacheHttpClient.completed(28) - responseCode = 200
2020-05-11 08:21:14 INFO  ApacheHttpClient.sendEvent(529) - responseCode = 200
2020-05-11 08:22:16 INFO  ApacheHttpClient.getWebResourceAsStream(496) - responseCode = 200
2020-05-11 08:22:16 INFO  ApacheHttpClient.sendEvent(529) - responseCode = 200
2020-05-11 08:22:17 INFO  ApacheHttpClient.getTask(482) - responseCode = 200
2020-05-11 08:22:18 INFO  ApacheHttpClient.getWebResourceAsStream(496) - responseCode = 200
2020-05-11 08:22:19 INFO  ApacheHttpClient.completed(28) - responseCode = 200
2020-05-11 08:22:19 INFO  ApacheHttpClient.getTask(482) - responseCode = 200
2020-05-11 08:23:14 INFO  ApacheHttpClient.sendEvent(529) - responseCode = 200
2020-05-11 08:24:14 INFO  ApacheHttpClient.sendEvent(529) - responseCode = 200
2020-05-11 08:24:33 INFO  ApacheHttpClient.getWebResourceAsStream(496) - responseCode = 200
2020-05-11 08:24:34 INFO  ApacheHttpClient.getFilteredTasks(335) - responseCode = 200
2020-05-11 08:24:38 INFO  ApacheHttpClient.getTaskTemplateInfo(352) - responseCode = 200
2020-05-11 08:24:48 INFO  ApacheHttpClient.getWebResourceAsStream(496) - responseCode = 200
2020-05-11 08:25:14 INFO  ApacheHttpClient.sendEvent(529) - responseCode = 200
2020-05-11 08:26:14 INFO  ApacheHttpClient.sendEvent(529) - responseCode = 200
2020-05-11 08:27:14 INFO  ApacheHttpClient.sendEvent(529) - responseCode = 200
2020-05-11 08:28:14 INFO  ApacheHttpClient.sendEvent(529) - responseCode = 200
2020-05-11 08:28:40 INFO  ApacheHttpClient.getWebResourceAsStream(496) - responseCode = 200
2020-05-11 08:28:42 INFO  ApacheHttpClient.getTask(482) - responseCode = 200
2020-05-11 08:28:44 INFO  ApacheHttpClient.getWebResourceAsStream(496) - responseCode = 200
2020-05-11 08:28:47 INFO  ApacheHttpClient.completed(28) - responseCode = 200
2020-05-11 08:28:47 INFO  ApacheHttpClient.getTask(482) - responseCode = 200
2020-05-11 08:29:14 INFO  ApacheHttpClient.sendEvent(529) - responseCode = 200
2020-05-11 08:29:45 INFO  ApacheHttpClient.getWebResourceAsStream(496) - responseCode = 200
2020-05-11 08:29:45 INFO  ApacheHttpClient.getFilteredTasks(335) - responseCode = 200
2020-05-11 08:30:14 INFO  ApacheHttpClient.sendEvent(529) - responseCode = 200
2020-05-11 08:31:05 INFO  ApacheHttpClient.getWebResourceAsStream(496) - responseCode = 200
2020-05-11 08:31:05 INFO  ApacheHttpClient.getFilteredTasks(335) - responseCode = 200
2020-05-11 08:31:14 INFO  ApacheHttpClient.sendEvent(529) - responseCode = 200
2020-05-11 08:32:14 INFO  ApacheHttpClient.sendEvent(529) - responseCode = 200
2020-05-11 08:32:54 INFO  ApacheHttpClient.getTaskTemplateInfo(352) - responseCode = 200
2020-05-11 08:33:00 INFO  ApacheHttpClient.getWebResourceAsStream(496) - responseCode = 200
2020-05-11 08:33:14 INFO  ApacheHttpClient.sendEvent(529) - responseCode = 200
2020-05-11 08:34:14 INFO  ApacheHttpClient.sendEvent(529) - responseCode = 200
2020-05-11 08:34:59 INFO  ApacheHttpClient.getWebResourceAsStream(496) - responseCode = 200
2020-05-11 08:35:01 INFO  ApacheHttpClient.getTask(482) - responseCode = 200
2020-05-11 08:35:02 INFO  ApacheHttpClient.completed(28) - responseCode = 200
2020-05-11 08:35:05 INFO  ApacheHttpClient.getWebResourceAsStream(496) - responseCode = 200
2020-05-11 08:35:14 INFO  ApacheHttpClient.sendEvent(529) - responseCode = 200
2020-05-11 08:35:36 INFO  ApacheHttpClient.getWebResourceAsStream(496) - responseCode = 200
2020-05-11 08:35:36 INFO  ApacheHttpClient.getTask(482) - responseCode = 200
2020-05-11 08:35:37 INFO  ApacheHttpClient.completed(28) - responseCode = 200
2020-05-11 08:35:37 INFO  ApacheHttpClient.getTask(482) - responseCode = 200
2020-05-11 08:35:38 INFO  ApacheHttpClient.getWebResourceAsStream(496) - responseCode = 200
2020-05-11 08:36:14 INFO  ApacheHttpClient.sendEvent(529) - responseCode = 200
2020-05-11 08:37:14 INFO  ApacheHttpClient.sendEvent(529) - responseCode = 200
2020-05-11 08:38:04 INFO  ApacheHttpClient.getWebResourceAsStream(496) - responseCode = 200
2020-05-11 08:38:05 INFO  ApacheHttpClient.getFilteredTasks(335) - responseCode = 200
2020-05-11 08:38:12 INFO  ApacheHttpClient.getTaskTemplateInfo(352) - responseCode = 200
2020-05-11 08:38:15 INFO  ApacheHttpClient.getWebResourceAsStream(496) - responseCode = 200
2020-05-11 08:38:15 INFO  ApacheHttpClient.sendEvent(529) - responseCode = 200
2020-05-11 08:39:14 INFO  ApacheHttpClient.sendEvent(529) - responseCode = 200
2020-05-11 08:40:14 INFO  ApacheHttpClient.sendEvent(529) - responseCode = 200
2020-05-11 08:41:14 INFO  ApacheHttpClient.sendEvent(529) - responseCode = 200
2020-05-11 08:42:14 INFO  ApacheHttpClient.sendEvent(529) - responseCode = 200
2020-05-11 08:43:14 INFO  ApacheHttpClient.sendEvent(529) - responseCode = 200
2020-05-11 08:44:14 INFO  ApacheHttpClient.sendEvent(529) - responseCode = 200
2020-05-11 08:45:14 INFO  ApacheHttpClient.sendEvent(529) - responseCode = 200
2020-05-11 08:46:14 INFO  ApacheHttpClient.sendEvent(529) - responseCode = 200
2020-05-11 08:47:14 INFO  ApacheHttpClient.sendEvent(529) - responseCode = 200
2020-05-11 08:48:14 INFO  ApacheHttpClient.sendEvent(529) - responseCode = 200
2020-05-11 08:49:14 INFO  ApacheHttpClient.sendEvent(529) - responseCode = 200
2020-05-11 08:50:14 INFO  ApacheHttpClient.sendEvent(529) - responseCode = 200
2020-05-11 08:51:14 INFO  ApacheHttpClient.sendEvent(529) - responseCode = 200
2020-05-11 08:52:14 INFO  ApacheHttpClient.sendEvent(529) - responseCode = 200
2020-05-11 08:53:14 INFO  ApacheHttpClient.sendEvent(529) - responseCode = 200
2020-05-11 08:54:14 INFO  ApacheHttpClient.sendEvent(529) - responseCode = 200
2020-05-11 08:55:14 INFO  ApacheHttpClient.sendEvent(529) - responseCode = 200
2020-05-11 08:56:14 INFO  ApacheHttpClient.sendEvent(529) - responseCode = 200
2020-05-11 08:57:14 INFO  ApacheHttpClient.sendEvent(529) - responseCode = 200
2020-05-11 08:58:14 INFO  ApacheHttpClient.sendEvent(529) - responseCode = 200
2020-05-11 08:59:14 INFO  ApacheHttpClient.sendEvent(529) - responseCode = 200
2020-05-11 09:00:14 INFO  ApacheHttpClient.sendEvent(529) - responseCode = 200
2020-05-11 09:00:49 INFO  ApacheHttpClient.getWebResourceAsStream(496) - responseCode = 200
2020-05-11 09:00:51 INFO  ApacheHttpClient.getWebResourceAsStream(496) - responseCode = 200
2020-05-11 09:00:52 INFO  ApacheHttpClient.getTask(482) - responseCode = 200
2020-05-11 09:00:52 INFO  ApacheHttpClient.completed(28) - responseCode = 200
2020-05-11 09:00:59 INFO  ApacheHttpClient.getWebResourceAsStream(496) - responseCode = 200
2020-05-11 09:00:59 INFO  ApacheHttpClient.getTask(482) - responseCode = 200
2020-05-11 09:00:59 INFO  ApacheHttpClient.completed(28) - responseCode = 400
2020-05-11 09:01:00 INFO  ApacheHttpClient.getTask(482) - responseCode = 200
2020-05-11 09:01:00 WARN  TaskCompleted.run(70) - You already completed this task: ""
2020-05-11 09:01:01 INFO  ApacheHttpClient.getWebResourceAsStream(496) - responseCode = 200
2020-05-11 09:01:14 INFO  ApacheHttpClient.sendEvent(529) - responseCode = 200
2020-05-11 09:02:14 INFO  ApacheHttpClient.sendEvent(529) - responseCode = 200
2020-05-11 09:03:14 INFO  ApacheHttpClient.sendEvent(529) - responseCode = 200
2020-05-11 09:04:13 INFO  ApacheHttpClient.getWebResourceAsStream(496) - responseCode = 200
2020-05-11 09:04:14 INFO  ApacheHttpClient.getFilteredTasks(335) - responseCode = 200
2020-05-11 09:04:16 INFO  ApacheHttpClient.sendEvent(529) - responseCode = 200
2020-05-11 09:04:43 INFO  ApacheHttpClient.getTaskTemplateInfo(352) - responseCode = 200
2020-05-11 09:05:02 INFO  ApacheHttpClient.getWebResourceAsStream(496) - responseCode = 200
2020-05-11 09:05:14 INFO  ApacheHttpClient.sendEvent(529) - responseCode = 200
2020-05-11 09:06:14 INFO  ApacheHttpClient.sendEvent(529) - responseCode = 200
2020-05-11 09:07:14 INFO  ApacheHttpClient.sendEvent(529) - responseCode = 200
2020-05-11 09:08:14 INFO  ApacheHttpClient.sendEvent(529) - responseCode = 200
2020-05-11 09:09:14 INFO  ApacheHttpClient.sendEvent(529) - responseCode = 200
2020-05-11 09:10:14 INFO  ApacheHttpClient.sendEvent(529) - responseCode = 200
2020-05-11 09:11:14 INFO  ApacheHttpClient.sendEvent(529) - responseCode = 200
2020-05-11 09:12:14 INFO  ApacheHttpClient.sendEvent(529) - responseCode = 200
2020-05-11 09:13:14 INFO  ApacheHttpClient.sendEvent(529) - responseCode = 200
2020-05-11 09:14:06 INFO  ApacheHttpClient.getWebResourceAsStream(496) - responseCode = 200
2020-05-11 09:14:07 INFO  ApacheHttpClient.getTask(482) - responseCode = 200
2020-05-11 09:14:09 INFO  ApacheHttpClient.completed(28) - responseCode = 200
2020-05-11 09:14:10 INFO  ApacheHttpClient.getTask(482) - responseCode = 200
2020-05-11 09:14:13 INFO  ApacheHttpClient.getWebResourceAsStream(496) - responseCode = 200
2020-05-11 09:14:14 INFO  ApacheHttpClient.sendEvent(529) - responseCode = 200
2020-05-11 09:15:14 INFO  ApacheHttpClient.sendEvent(529) - responseCode = 200
2020-05-11 09:15:25 INFO  ApacheHttpClient.getWebResourceAsStream(496) - responseCode = 200
2020-05-11 09:15:26 INFO  ApacheHttpClient.getFilteredTasks(335) - responseCode = 200
2020-05-11 09:16:01 INFO  ApacheHttpClient.getTaskTemplateInfo(352) - responseCode = 200
2020-05-11 09:16:07 INFO  ApacheHttpClient.getWebResourceAsStream(496) - responseCode = 200
2020-05-11 09:16:14 INFO  ApacheHttpClient.sendEvent(529) - responseCode = 200
2020-05-11 09:17:14 INFO  ApacheHttpClient.sendEvent(529) - responseCode = 200
2020-05-11 09:18:14 INFO  ApacheHttpClient.sendEvent(529) - responseCode = 200
2020-05-11 09:19:14 INFO  ApacheHttpClient.sendEvent(529) - responseCode = 200
2020-05-11 09:20:14 INFO  ApacheHttpClient.sendEvent(529) - responseCode = 200
2020-05-11 09:21:14 INFO  ApacheHttpClient.sendEvent(529) - responseCode = 200
2020-05-11 09:21:47 INFO  ApacheHttpClient.getWebResourceAsStream(496) - responseCode = 200
2020-05-11 09:21:49 INFO  ApacheHttpClient.getTask(482) - responseCode = 200
2020-05-11 09:21:50 INFO  ApacheHttpClient.completed(28) - responseCode = 200
2020-05-11 09:21:50 INFO  ApacheHttpClient.getWebResourceAsStream(496) - responseCode = 200
2020-05-11 09:22:14 INFO  ApacheHttpClient.sendEvent(529) - responseCode = 200
2020-05-11 09:23:14 INFO  ApacheHttpClient.sendEvent(529) - responseCode = 200
2020-05-11 09:24:14 INFO  ApacheHttpClient.sendEvent(529) - responseCode = 200
2020-05-11 09:25:14 INFO  ApacheHttpClient.sendEvent(529) - responseCode = 200
2020-05-11 09:26:14 INFO  ApacheHttpClient.sendEvent(529) - responseCode = 200
2020-05-11 09:26:29 INFO  ApacheHttpClient.getWebResourceAsStream(496) - responseCode = 200
2020-05-11 09:26:30 INFO  ApacheHttpClient.getTask(482) - responseCode = 200
2020-05-11 09:26:32 INFO  ApacheHttpClient.completed(28) - responseCode = 200
2020-05-11 09:26:32 INFO  ApacheHttpClient.getTask(482) - responseCode = 200
2020-05-11 09:26:37 INFO  ApacheHttpClient.getWebResourceAsStream(496) - responseCode = 200
2020-05-11 09:27:14 INFO  ApacheHttpClient.sendEvent(529) - responseCode = 200
2020-05-11 09:27:45 INFO  ApacheHttpClient.getWebResourceAsStream(496) - responseCode = 200
2020-05-11 09:27:46 INFO  ApacheHttpClient.getFilteredTasks(335) - responseCode = 200
2020-05-11 09:27:49 INFO  ApacheHttpClient.getTaskTemplateInfo(352) - responseCode = 200
2020-05-11 09:27:54 INFO  ApacheHttpClient.getWebResourceAsStream(496) - responseCode = 200
2020-05-11 09:28:14 INFO  ApacheHttpClient.sendEvent(529) - responseCode = 200
2020-05-11 09:29:15 INFO  ApacheHttpClient.sendEvent(529) - responseCode = 200
2020-05-11 09:29:24 INFO  ApacheHttpClient.getWebResourceAsStream(496) - responseCode = 200
2020-05-11 09:29:25 INFO  ApacheHttpClient.completed(28) - responseCode = 200
2020-05-11 09:29:26 INFO  ApacheHttpClient.getTask(482) - responseCode = 200
2020-05-11 09:29:26 INFO  ApacheHttpClient.getTask(482) - responseCode = 200
2020-05-11 09:29:28 INFO  ApacheHttpClient.getWebResourceAsStream(496) - responseCode = 200
2020-05-11 09:30:14 INFO  ApacheHttpClient.sendEvent(529) - responseCode = 200
2020-05-11 09:30:23 INFO  ApacheHttpClient.getWebResourceAsStream(496) - responseCode = 200
2020-05-11 09:30:23 INFO  ApacheHttpClient.getFilteredTasks(335) - responseCode = 200
2020-05-11 09:31:14 INFO  ApacheHttpClient.sendEvent(529) - responseCode = 200
2020-05-11 09:32:14 INFO  ApacheHttpClient.sendEvent(529) - responseCode = 200
2020-05-11 09:33:14 INFO  ApacheHttpClient.sendEvent(529) - responseCode = 200
2020-05-11 09:34:14 INFO  ApacheHttpClient.sendEvent(529) - responseCode = 200
2020-05-11 09:35:14 INFO  ApacheHttpClient.sendEvent(529) - responseCode = 200
2020-05-11 09:36:14 INFO  ApacheHttpClient.sendEvent(529) - responseCode = 200
2020-05-11 09:37:14 INFO  ApacheHttpClient.sendEvent(529) - responseCode = 200
2020-05-11 09:38:14 INFO  ApacheHttpClient.sendEvent(529) - responseCode = 200
2020-05-11 09:38:14 INFO  ApacheHttpClient.sendEvent(529) - responseCode = 200
2020-05-11 09:38:14 INFO  ApacheHttpClient.sendEvent(529) - responseCode = 200
2020-05-11 09:38:15 INFO  ApacheHttpClient.sendEvent(529) - responseCode = 200
2020-05-11 09:39:14 INFO  ApacheHttpClient.sendEvent(529) - responseCode = 200
2020-05-11 09:39:14 INFO  ApacheHttpClient.sendEvent(529) - responseCode = 200
2020-05-11 09:39:14 INFO  ApacheHttpClient.sendEvent(529) - responseCode = 200
2020-05-11 09:39:15 INFO  ApacheHttpClient.sendEvent(529) - responseCode = 200
2020-05-11 09:40:14 INFO  ApacheHttpClient.sendEvent(529) - responseCode = 200
2020-05-11 09:40:15 INFO  ApacheHttpClient.sendEvent(529) - responseCode = 200
2020-05-11 09:40:22 INFO  ApacheHttpClient.sendEvent(529) - responseCode = 200
2020-05-11 09:40:22 INFO  ApacheHttpClient.sendEvent(529) - responseCode = 200
2020-05-11 09:41:14 INFO  ApacheHttpClient.sendEvent(529) - responseCode = 200
2020-05-11 09:41:14 INFO  ApacheHttpClient.sendEvent(529) - responseCode = 200
2020-05-11 09:41:15 INFO  ApacheHttpClient.sendEvent(529) - responseCode = 200
2020-05-11 09:41:15 INFO  ApacheHttpClient.sendEvent(529) - responseCode = 200
2020-05-11 09:42:14 INFO  ApacheHttpClient.sendEvent(529) - responseCode = 200
2020-05-11 09:42:15 INFO  ApacheHttpClient.sendEvent(529) - responseCode = 200
2020-05-11 09:42:15 INFO  ApacheHttpClient.sendEvent(529) - responseCode = 200
2020-05-11 09:42:15 INFO  ApacheHttpClient.sendEvent(529) - responseCode = 200
2020-05-11 09:43:14 INFO  ApacheHttpClient.sendEvent(529) - responseCode = 200
2020-05-11 09:43:39 INFO  ApacheHttpClient.getWebResourceAsStream(496) - responseCode = 200
2020-05-11 09:43:40 INFO  ApacheHttpClient.getFilteredTasks(335) - responseCode = 200
2020-05-11 09:43:48 INFO  ApacheHttpClient.getTaskTemplateInfo(352) - responseCode = 200
2020-05-11 09:44:01 INFO  ApacheHttpClient.getWebResourceAsStream(496) - responseCode = 200
2020-05-11 09:44:14 INFO  ApacheHttpClient.sendEvent(529) - responseCode = 200
2020-05-11 09:45:14 INFO  ApacheHttpClient.sendEvent(529) - responseCode = 200
2020-05-11 09:45:41 INFO  ApacheHttpClient.getWebResourceAsStream(496) - responseCode = 200
2020-05-11 09:45:42 INFO  ApacheHttpClient.getTask(482) - responseCode = 200
2020-05-11 09:45:43 INFO  ApacheHttpClient.completed(28) - responseCode = 200
2020-05-11 09:45:43 INFO  ApacheHttpClient.getTask(482) - responseCode = 200
2020-05-11 09:45:45 INFO  ApacheHttpClient.getWebResourceAsStream(496) - responseCode = 200
2020-05-11 09:46:15 INFO  ApacheHttpClient.sendEvent(529) - responseCode = 200
2020-05-11 09:46:27 INFO  ApacheHttpClient.getWebResourceAsStream(496) - responseCode = 200
2020-05-11 09:46:28 INFO  ApacheHttpClient.getFilteredTasks(335) - responseCode = 200
2020-05-11 09:46:39 INFO  ApacheHttpClient.getTaskTemplateInfo(352) - responseCode = 200
2020-05-11 09:46:44 INFO  ApacheHttpClient.getWebResourceAsStream(496) - responseCode = 200
2020-05-11 09:47:14 INFO  ApacheHttpClient.sendEvent(529) - responseCode = 200
2020-05-11 09:48:14 INFO  ApacheHttpClient.sendEvent(529) - responseCode = 200
2020-05-11 09:49:05 INFO  ApacheHttpClient.getWebResourceAsStream(496) - responseCode = 200
2020-05-11 09:49:09 INFO  ApacheHttpClient.getTask(482) - responseCode = 200
2020-05-11 09:49:09 INFO  ApacheHttpClient.completed(28) - responseCode = 200
2020-05-11 09:49:10 INFO  ApacheHttpClient.getTask(482) - responseCode = 200
2020-05-11 09:49:11 INFO  ApacheHttpClient.getWebResourceAsStream(496) - responseCode = 200
2020-05-11 09:49:14 INFO  ApacheHttpClient.sendEvent(529) - responseCode = 200
2020-05-11 09:50:14 INFO  ApacheHttpClient.sendEvent(529) - responseCode = 200
2020-05-11 09:51:05 INFO  ApacheHttpClient.getWebResourceAsStream(496) - responseCode = 200
2020-05-11 09:51:06 INFO  ApacheHttpClient.getFilteredTasks(335) - responseCode = 200
2020-05-11 09:51:09 INFO  ApacheHttpClient.getTaskTemplateInfo(352) - responseCode = 200
2020-05-11 09:51:12 INFO  ApacheHttpClient.getWebResourceAsStream(496) - responseCode = 200
2020-05-11 09:51:15 INFO  ApacheHttpClient.sendEvent(529) - responseCode = 200
2020-05-11 09:52:14 INFO  ApacheHttpClient.sendEvent(529) - responseCode = 200
2020-05-11 09:52:23 INFO  ApacheHttpClient.getWebResourceAsStream(496) - responseCode = 200
2020-05-11 09:52:25 INFO  ApacheHttpClient.getTask(482) - responseCode = 200
2020-05-11 09:52:25 INFO  ApacheHttpClient.getWebResourceAsStream(496) - responseCode = 200
2020-05-11 09:52:28 INFO  ApacheHttpClient.completed(28) - responseCode = 200
2020-05-11 09:53:14 INFO  ApacheHttpClient.sendEvent(529) - responseCode = 200
2020-05-11 09:54:14 INFO  ApacheHttpClient.sendEvent(529) - responseCode = 200
2020-05-11 09:54:34 INFO  ApacheHttpClient.getWebResourceAsStream(496) - responseCode = 200
2020-05-11 09:54:36 INFO  ApacheHttpClient.getWebResourceAsStream(496) - responseCode = 200
2020-05-11 09:54:36 INFO  ApacheHttpClient.getTask(482) - responseCode = 200
2020-05-11 09:54:37 INFO  ApacheHttpClient.completed(28) - responseCode = 200
2020-05-11 09:54:37 INFO  ApacheHttpClient.getTask(482) - responseCode = 200
2020-05-11 09:55:14 INFO  ApacheHttpClient.sendEvent(529) - responseCode = 200
2020-05-11 09:56:14 INFO  ApacheHttpClient.sendEvent(529) - responseCode = 200
2020-05-11 09:57:02 INFO  ApacheHttpClient.getWebResourceAsStream(496) - responseCode = 200
2020-05-11 09:57:02 INFO  ApacheHttpClient.getFilteredTasks(335) - responseCode = 200
2020-05-11 09:57:14 INFO  ApacheHttpClient.sendEvent(529) - responseCode = 200
2020-05-11 09:58:17 INFO  ApacheHttpClient.sendEvent(529) - responseCode = 200
2020-05-11 09:58:31 INFO  ApacheHttpClient.getWebResourceAsStream(496) - responseCode = 200
2020-05-11 09:58:32 INFO  ApacheHttpClient.getFilteredTasks(335) - responseCode = 200
2020-05-11 09:58:48 INFO  ApacheHttpClient.getTaskTemplateInfo(352) - responseCode = 200
2020-05-11 09:59:07 INFO  ApacheHttpClient.getWebResourceAsStream(496) - responseCode = 200
2020-05-11 09:59:14 INFO  ApacheHttpClient.sendEvent(529) - responseCode = 200
2020-05-11 10:00:15 INFO  ApacheHttpClient.sendEvent(529) - responseCode = 200
2020-05-11 10:01:14 INFO  ApacheHttpClient.sendEvent(529) - responseCode = 200
2020-05-11 10:01:15 INFO  ApacheHttpClient.sendEvent(529) - responseCode = 200
2020-05-11 10:01:15 INFO  ApacheHttpClient.sendEvent(529) - responseCode = 200
2020-05-11 10:02:14 INFO  ApacheHttpClient.sendEvent(529) - responseCode = 200
2020-05-11 10:02:14 INFO  ApacheHttpClient.sendEvent(529) - responseCode = 200
2020-05-11 10:03:15 INFO  ApacheHttpClient.sendEvent(529) - responseCode = 200
2020-05-11 10:03:16 INFO  ApacheHttpClient.sendEvent(529) - responseCode = 200
2020-05-11 10:03:16 INFO  ApacheHttpClient.sendEvent(529) - responseCode = 200
2020-05-11 10:04:14 INFO  ApacheHttpClient.sendEvent(529) - responseCode = 200
2020-05-11 10:05:14 INFO  ApacheHttpClient.sendEvent(529) - responseCode = 200
2020-05-11 10:06:14 INFO  ApacheHttpClient.sendEvent(529) - responseCode = 200
2020-05-11 10:07:14 INFO  ApacheHttpClient.sendEvent(529) - responseCode = 200
2020-05-11 10:07:56 INFO  ApacheHttpClient.getWebResourceAsStream(496) - responseCode = 200
2020-05-11 10:07:57 INFO  ApacheHttpClient.getTask(482) - responseCode = 200
2020-05-11 10:07:59 INFO  ApacheHttpClient.completed(28) - responseCode = 200
2020-05-11 10:07:59 INFO  ApacheHttpClient.getTask(482) - responseCode = 200
2020-05-11 10:08:02 INFO  ApacheHttpClient.getWebResourceAsStream(496) - responseCode = 200
2020-05-11 10:08:14 INFO  ApacheHttpClient.sendEvent(529) - responseCode = 200
2020-05-11 10:09:15 INFO  ApacheHttpClient.sendEvent(529) - responseCode = 200
2020-05-11 10:09:24 INFO  ApacheHttpClient.getWebResourceAsStream(496) - responseCode = 200
2020-05-11 10:09:25 INFO  ApacheHttpClient.getFilteredTasks(335) - responseCode = 200
2020-05-11 10:10:14 INFO  ApacheHttpClient.sendEvent(529) - responseCode = 200
2020-05-11 10:11:15 INFO  ApacheHttpClient.sendEvent(529) - responseCode = 200
2020-05-11 10:12:14 INFO  ApacheHttpClient.sendEvent(529) - responseCode = 200
2020-05-11 10:13:14 INFO  ApacheHttpClient.sendEvent(529) - responseCode = 200
2020-05-11 10:14:14 INFO  ApacheHttpClient.sendEvent(529) - responseCode = 200
2020-05-11 10:15:14 INFO  ApacheHttpClient.sendEvent(529) - responseCode = 200
2020-05-11 10:16:14 INFO  ApacheHttpClient.sendEvent(529) - responseCode = 200
2020-05-11 10:17:14 INFO  ApacheHttpClient.sendEvent(529) - responseCode = 200
2020-05-11 10:17:18 INFO  ApacheHttpClient.getTaskTemplateInfo(352) - responseCode = 200
2020-05-11 10:17:25 INFO  ApacheHttpClient.getWebResourceAsStream(496) - responseCode = 200
2020-05-11 10:18:14 INFO  ApacheHttpClient.sendEvent(529) - responseCode = 200
2020-05-11 10:18:14 INFO  ApacheHttpClient.sendEvent(529) - responseCode = 200
2020-05-11 10:18:14 INFO  ApacheHttpClient.sendEvent(529) - responseCode = 200
2020-05-11 10:19:14 INFO  ApacheHttpClient.sendEvent(529) - responseCode = 200
2020-05-11 10:19:15 INFO  ApacheHttpClient.sendEvent(529) - responseCode = 200
2020-05-11 10:19:15 INFO  ApacheHttpClient.sendEvent(529) - responseCode = 200
2020-05-11 10:20:14 INFO  ApacheHttpClient.sendEvent(529) - responseCode = 200
2020-05-11 10:20:16 INFO  ApacheHttpClient.sendEvent(529) - responseCode = 200
2020-05-11 10:20:16 INFO  ApacheHttpClient.sendEvent(529) - responseCode = 200
2020-05-11 10:21:14 INFO  ApacheHttpClient.sendEvent(529) - responseCode = 200
2020-05-11 10:21:15 INFO  ApacheHttpClient.sendEvent(529) - responseCode = 200
2020-05-11 10:21:15 INFO  ApacheHttpClient.sendEvent(529) - responseCode = 200
2020-05-11 10:22:15 INFO  ApacheHttpClient.sendEvent(529) - responseCode = 200
2020-05-11 10:22:15 INFO  ApacheHttpClient.sendEvent(529) - responseCode = 200
2020-05-11 10:22:15 INFO  ApacheHttpClient.sendEvent(529) - responseCode = 200
2020-05-11 10:22:16 INFO  ApacheHttpClient.sendEvent(529) - responseCode = 200
2020-05-11 10:22:38 INFO  ApacheHttpClient.getWebResourceAsStream(496) - responseCode = 200
2020-05-11 10:23:14 INFO  ApacheHttpClient.sendEvent(529) - responseCode = 200
2020-05-11 10:24:14 INFO  ApacheHttpClient.sendEvent(529) - responseCode = 200
2020-05-11 10:25:14 INFO  ApacheHttpClient.sendEvent(529) - responseCode = 200
2020-05-11 10:26:14 INFO  ApacheHttpClient.sendEvent(529) - responseCode = 200
2020-05-11 10:26:59 INFO  ApacheHttpClient.getWebResourceAsStream(496) - responseCode = 200
2020-05-11 10:27:01 INFO  ApacheHttpClient.getFilteredTasks(335) - responseCode = 200
2020-05-11 10:27:14 INFO  ApacheHttpClient.sendEvent(529) - responseCode = 200
2020-05-11 10:27:16 INFO  ApacheHttpClient.getTaskTemplateInfo(352) - responseCode = 200
2020-05-11 10:27:34 INFO  ApacheHttpClient.getWebResourceAsStream(496) - responseCode = 200
2020-05-11 10:28:14 INFO  ApacheHttpClient.sendEvent(529) - responseCode = 200
2020-05-11 10:29:14 INFO  ApacheHttpClient.sendEvent(529) - responseCode = 200
2020-05-11 10:30:14 INFO  ApacheHttpClient.sendEvent(529) - responseCode = 200
2020-05-11 10:31:15 INFO  ApacheHttpClient.sendEvent(529) - responseCode = 200
2020-05-11 10:32:14 INFO  ApacheHttpClient.sendEvent(529) - responseCode = 200
2020-05-11 10:33:14 INFO  ApacheHttpClient.sendEvent(529) - responseCode = 200
2020-05-11 10:34:14 INFO  ApacheHttpClient.sendEvent(529) - responseCode = 200
2020-05-11 10:34:56 INFO  ApacheHttpClient.getWebResourceAsStream(496) - responseCode = 200
2020-05-11 10:34:57 INFO  ApacheHttpClient.getTask(482) - responseCode = 200
2020-05-11 10:34:59 INFO  ApacheHttpClient.getWebResourceAsStream(496) - responseCode = 200
2020-05-11 10:35:00 INFO  ApacheHttpClient.completed(28) - responseCode = 200
2020-05-11 10:35:14 INFO  ApacheHttpClient.sendEvent(529) - responseCode = 200
2020-05-11 10:36:14 INFO  ApacheHttpClient.sendEvent(529) - responseCode = 200
2020-05-11 10:36:46 INFO  ApacheHttpClient.getWebResourceAsStream(496) - responseCode = 200
2020-05-11 10:36:48 INFO  ApacheHttpClient.getTask(482) - responseCode = 200
2020-05-11 10:36:50 INFO  ApacheHttpClient.getWebResourceAsStream(496) - responseCode = 200
2020-05-11 10:36:51 INFO  ApacheHttpClient.completed(28) - responseCode = 200
2020-05-11 10:36:51 INFO  ApacheHttpClient.getTask(482) - responseCode = 200
2020-05-11 10:37:14 INFO  ApacheHttpClient.sendEvent(529) - responseCode = 200
2020-05-11 10:38:14 INFO  ApacheHttpClient.sendEvent(529) - responseCode = 200
2020-05-11 10:39:14 INFO  ApacheHttpClient.sendEvent(529) - responseCode = 200
2020-05-11 10:40:15 INFO  ApacheHttpClient.sendEvent(529) - responseCode = 200
2020-05-11 10:41:17 INFO  ApacheHttpClient.sendEvent(529) - responseCode = 200
2020-05-11 10:41:23 INFO  ApacheHttpClient.getWebResourceAsStream(496) - responseCode = 200
2020-05-11 10:41:24 INFO  ApacheHttpClient.getFilteredTasks(335) - responseCode = 200
2020-05-11 10:41:28 INFO  ApacheHttpClient.getTaskTemplateInfo(352) - responseCode = 200
2020-05-11 10:41:38 INFO  ApacheHttpClient.getWebResourceAsStream(496) - responseCode = 200
2020-05-11 10:42:14 INFO  ApacheHttpClient.sendEvent(529) - responseCode = 200
2020-05-11 10:43:14 INFO  ApacheHttpClient.sendEvent(529) - responseCode = 200
2020-05-11 10:44:14 INFO  ApacheHttpClient.sendEvent(529) - responseCode = 200
2020-05-11 10:45:09 INFO  ApacheHttpClient.getWebResourceAsStream(496) - responseCode = 200
2020-05-11 10:45:11 INFO  ApacheHttpClient.getTask(482) - responseCode = 200
2020-05-11 10:45:13 INFO  ApacheHttpClient.completed(28) - responseCode = 200
2020-05-11 10:45:14 INFO  ApacheHttpClient.getTask(482) - responseCode = 200
2020-05-11 10:45:14 INFO  ApacheHttpClient.sendEvent(529) - responseCode = 200
2020-05-11 10:45:18 INFO  ApacheHttpClient.getWebResourceAsStream(496) - responseCode = 200
2020-05-11 10:46:14 INFO  ApacheHttpClient.sendEvent(529) - responseCode = 200
2020-05-11 10:46:17 INFO  ApacheHttpClient.getWebResourceAsStream(496) - responseCode = 200
2020-05-11 10:46:18 INFO  ApacheHttpClient.getFilteredTasks(335) - responseCode = 200
2020-05-11 10:46:24 INFO  ApacheHttpClient.getTaskTemplateInfo(352) - responseCode = 200
2020-05-11 10:46:31 INFO  ApacheHttpClient.getWebResourceAsStream(496) - responseCode = 200
2020-05-11 10:47:14 INFO  ApacheHttpClient.sendEvent(529) - responseCode = 200
2020-05-11 10:48:14 INFO  ApacheHttpClient.sendEvent(529) - responseCode = 200
2020-05-11 10:49:14 INFO  ApacheHttpClient.sendEvent(529) - responseCode = 200
2020-05-11 10:50:14 INFO  ApacheHttpClient.sendEvent(529) - responseCode = 200
2020-05-11 10:51:14 INFO  ApacheHttpClient.sendEvent(529) - responseCode = 200
2020-05-11 10:52:14 INFO  ApacheHttpClient.sendEvent(529) - responseCode = 200
2020-05-11 10:53:14 INFO  ApacheHttpClient.sendEvent(529) - responseCode = 200
2020-05-11 10:54:14 INFO  ApacheHttpClient.sendEvent(529) - responseCode = 200
2020-05-11 10:55:14 INFO  ApacheHttpClient.sendEvent(529) - responseCode = 200
2020-05-11 10:56:14 INFO  ApacheHttpClient.sendEvent(529) - responseCode = 200
2020-05-11 10:57:16 INFO  ApacheHttpClient.sendEvent(529) - responseCode = 200
2020-05-11 10:58:11 INFO  ApacheHttpClient.getWebResourceAsStream(496) - responseCode = 200
2020-05-11 10:58:13 INFO  ApacheHttpClient.getTask(482) - responseCode = 200
2020-05-11 10:58:14 INFO  ApacheHttpClient.sendEvent(529) - responseCode = 200
2020-05-11 10:58:14 INFO  ApacheHttpClient.completed(28) - responseCode = 200
2020-05-11 10:58:24 INFO  ApacheHttpClient.getWebResourceAsStream(496) - responseCode = 200
2020-05-11 10:59:00 INFO  ApacheHttpClient.getWebResourceAsStream(496) - responseCode = 200
2020-05-11 10:59:01 INFO  ApacheHttpClient.getTask(482) - responseCode = 200
2020-05-11 10:59:08 INFO  ApacheHttpClient.completed(28) - responseCode = 200
2020-05-11 10:59:08 INFO  ApacheHttpClient.getTask(482) - responseCode = 200
2020-05-11 10:59:09 INFO  ApacheHttpClient.getWebResourceAsStream(496) - responseCode = 200
2020-05-11 10:59:14 INFO  ApacheHttpClient.sendEvent(529) - responseCode = 200
2020-05-11 11:00:16 INFO  ApacheHttpClient.sendEvent(529) - responseCode = 200
2020-05-11 11:01:14 INFO  ApacheHttpClient.sendEvent(529) - responseCode = 200
2020-05-11 11:01:28 INFO  PluginTasksProjectComponent.projectClosing(188) - ---------- Project closed ----------

2020-05-11 11:01:29 INFO  ApacheHttpClient.getTask(482) - responseCode = 200
2020-05-11 11:01:29 INFO  ApacheHttpClient.getTask(482) - responseCode = 200
2020-05-11 11:01:29 INFO  ApacheHttpClient.getTask(482) - responseCode = 200
2020-05-11 11:01:30 INFO  ApacheHttpClient.getTask(482) - responseCode = 200
2020-05-11 11:01:30 INFO  ApacheHttpClient.getTask(482) - responseCode = 200
2020-05-11 11:01:30 INFO  ApacheHttpClient.getTask(482) - responseCode = 200
2020-05-11 11:01:31 INFO  ApacheHttpClient.getTask(482) - responseCode = 200
2020-05-11 11:01:31 INFO  ApacheHttpClient.getTask(482) - responseCode = 200
2020-05-11 11:01:31 INFO  ApacheHttpClient.getTask(482) - responseCode = 200
2020-05-11 11:01:32 INFO  ApacheHttpClient.getTask(482) - responseCode = 200
2020-05-11 11:01:32 INFO  ApacheHttpClient.getTask(482) - responseCode = 200
2020-05-11 11:01:32 INFO  ApacheHttpClient.getTask(482) - responseCode = 200
2020-05-11 11:01:33 INFO  ApacheHttpClient.getTask(482) - responseCode = 200
2020-05-11 11:01:33 INFO  ApacheHttpClient.getTask(482) - responseCode = 200
2020-05-11 11:01:33 INFO  ApacheHttpClient.getTask(482) - responseCode = 200
